<?xml version="1.0" encoding="UTF-8"?>
<testng-results skipped="0" failed="1" total="1" passed="0">
  <reporter-output>
  </reporter-output>
  <suite name="Default suite" duration-ms="47976" started-at="2021-02-23T16:35:56Z" finished-at="2021-02-23T16:36:44Z">
    <groups>
    </groups>
    <test name="Default test" duration-ms="47976" started-at="2021-02-23T16:35:56Z" finished-at="2021-02-23T16:36:44Z">
      <class name="test_scripts.ValidLogin">
        <test-method status="PASS" signature="oppenappl()[pri:0, instance:test_scripts.ValidLogin@589838eb]" name="oppenappl" is-config="true" duration-ms="43818" started-at="2021-02-23T22:05:56Z" finished-at="2021-02-23T22:06:40Z">
          <reporter-output>
          </reporter-output>
        </test-method> <!-- oppenappl -->
        <test-method status="FAIL" signature="login()[pri:0, instance:test_scripts.ValidLogin@589838eb]" name="login" duration-ms="3265" started-at="2021-02-23T22:06:40Z" finished-at="2021-02-23T22:06:43Z">
          <exception class="java.lang.NoClassDefFoundError">
            <message>
              <![CDATA[org/apache/commons/compress/archivers/zip/ZipFile]]>
            </message>
            <full-stacktrace>
              <![CDATA[java.lang.NoClassDefFoundError: org/apache/commons/compress/archivers/zip/ZipFile
	at org.apache.poi.openxml4j.opc.OPCPackage.open(OPCPackage.java:312)
	at org.apache.poi.xssf.usermodel.XSSFWorkbookFactory.create(XSSFWorkbookFactory.java:97)
	at org.apache.poi.xssf.usermodel.XSSFWorkbookFactory.create(XSSFWorkbookFactory.java:36)
	at org.apache.poi.ss.usermodel.WorkbookFactory.lambda$create$2(WorkbookFactory.java:199)
	at org.apache.poi.ss.usermodel.WorkbookFactory$$Lambda$200/1976804832.create(Unknown Source)
	at org.apache.poi.ss.usermodel.WorkbookFactory.wp(WorkbookFactory.java:295)
	at org.apache.poi.ss.usermodel.WorkbookFactory.create(WorkbookFactory.java:199)
	at org.apache.poi.ss.usermodel.WorkbookFactory.create(WorkbookFactory.java:163)
	at Generic.Generic_read_excel.getData(Generic_read_excel.java:17)
	at test_scripts.ValidLogin.login(ValidLogin.java:15)
	at sun.reflect.NativeMethodAccessorImpl.invoke0(Native Method)
	at sun.reflect.NativeMethodAccessorImpl.invoke(NativeMethodAccessorImpl.java:62)
	at sun.reflect.DelegatingMethodAccessorImpl.invoke(DelegatingMethodAccessorImpl.java:43)
	at java.lang.reflect.Method.invoke(Method.java:483)
	at org.testng.internal.MethodInvocationHelper.invokeMethod(MethodInvocationHelper.java:100)
	at org.testng.internal.Invoker.invokeMethod(Invoker.java:646)
	at org.testng.internal.Invoker.invokeTestMethod(Invoker.java:811)
	at org.testng.internal.Invoker.invokeTestMethods(Invoker.java:1137)
	at org.testng.internal.TestMethodWorker.invokeTestMethods(TestMethodWorker.java:129)
	at org.testng.internal.TestMethodWorker.run(TestMethodWorker.java:112)
	at org.testng.TestRunner.privateRun(TestRunner.java:753)
	at org.testng.TestRunner.run(TestRunner.java:607)
	at org.testng.SuiteRunner.runTest(SuiteRunner.java:368)
	at org.testng.SuiteRunner.runSequentially(SuiteRunner.java:363)
	at org.testng.SuiteRunner.privateRun(SuiteRunner.java:321)
	at org.testng.SuiteRunner.run(SuiteRunner.java:270)
	at org.testng.SuiteRunnerWorker.runSuite(SuiteRunnerWorker.java:52)
	at org.testng.SuiteRunnerWorker.run(SuiteRunnerWorker.java:86)
	at org.testng.TestNG.runSuitesSequentially(TestNG.java:1284)
	at org.testng.TestNG.runSuitesLocally(TestNG.java:1209)
	at org.testng.TestNG.runSuites(TestNG.java:1124)
	at org.testng.TestNG.run(TestNG.java:1096)
	at org.testng.remote.AbstractRemoteTestNG.run(AbstractRemoteTestNG.java:132)
	at org.testng.remote.RemoteTestNG.initAndRun(RemoteTestNG.java:236)
	at org.testng.remote.RemoteTestNG.main(RemoteTestNG.java:81)
Caused by: java.lang.ClassNotFoundException: org.apache.commons.compress.archivers.zip.ZipFile
	at java.net.URLClassLoader$1.run(URLClassLoader.java:372)
	at java.net.URLClassLoader$1.run(URLClassLoader.java:361)
	at java.security.AccessController.doPrivileged(Native Method)
	at java.net.URLClassLoader.findClass(URLClassLoader.java:360)
	at java.lang.ClassLoader.loadClass(ClassLoader.java:424)
	at sun.misc.Launcher$AppClassLoader.loadClass(Launcher.java:308)
	at java.lang.ClassLoader.loadClass(ClassLoader.java:357)
	... 35 more
]]>
            </full-stacktrace>
          </exception> <!-- java.lang.NoClassDefFoundError -->
          <reporter-output>
          </reporter-output>
        </test-method> <!-- login -->
        <test-method status="PASS" signature="closeappl()[pri:0, instance:test_scripts.ValidLogin@589838eb]" name="closeappl" is-config="true" duration-ms="856" started-at="2021-02-23T22:06:43Z" finished-at="2021-02-23T22:06:44Z">
          <reporter-output>
          </reporter-output>
        </test-method> <!-- closeappl -->
      </class> <!-- test_scripts.ValidLogin -->
    </test> <!-- Default test -->
  </suite> <!-- Default suite -->
</testng-results>
